{
  "RSpec": {
    "coverage": {
      "/Users/KP/Desktop/doubleordonate/dod/app/models/user.rb": [
        1,
        null,
        1,
        0,
        0,
        0,
        0,
        0,
        0,
        null,
        0,
        null,
        null,
        null,
        null,
        null
      ],
      "/Users/KP/Desktop/doubleordonate/dod/app/models/question.rb": [
        1,
        null,
        1,
        null,
        1,
        1,
        1,
        1,
        null,
        null
      ],
      "/Users/KP/Desktop/doubleordonate/dod/app/helpers/application_helper.rb": [
        1,
        null
      ],
      "/Users/KP/Desktop/doubleordonate/dod/app/helpers/games_helper.rb": [
        1,
        null
      ],
      "/Users/KP/Desktop/doubleordonate/dod/app/helpers/sessions_helper.rb": [
        1,
        null
      ],
      "/Users/KP/Desktop/doubleordonate/dod/app/helpers/users_helper.rb": [
        1,
        null
      ],
      "/Users/KP/Desktop/doubleordonate/dod/app/controllers/admin_controller.rb": [
        1,
        null,
        1,
        null,
        1,
        1,
        null,
        null,
        1,
        2,
        null,
        null,
        1,
        0,
        null,
        null,
        1,
        2,
        2,
        1,
        null,
        1,
        null,
        null,
        null,
        1,
        1,
        null,
        null,
        1,
        0,
        null,
        0,
        0,
        null,
        0,
        null,
        null,
        null,
        1,
        2,
        2,
        2,
        null,
        null,
        1,
        null,
        1,
        2,
        null,
        null,
        null
      ],
      "/Users/KP/Desktop/doubleordonate/dod/app/controllers/application_controller.rb": [
        1,
        null,
        null,
        null,
        1,
        null,
        1,
        null,
        1,
        0,
        null,
        null,
        1,
        0,
        0,
        0,
        null,
        null,
        null,
        1,
        null,
        1,
        null,
        1,
        0,
        0,
        0,
        0,
        null,
        null,
        null,
        1,
        0,
        0,
        0,
        0,
        0,
        0,
        null,
        0,
        null,
        null,
        null,
        null,
        null
      ]
    },
    "timestamp": 1435365001
  }
}
